<?xml version="1.0" encoding="UTF-8"?>
<robot generator="Robot 6.1.1 (Python 3.9.18 on darwin)" generated="20240531 04:44:06.154" rpa="false" schemaversion="4">
<suite id="s1" name="testFlightApps" source="/Users/rossaafresiasiagian/Desktop/Sanber56-Mobile-Automation-Kelompok2/Suites/testFlightApps.robot">
<kw name="Open flight application" library="main" type="SETUP">
<kw name="Open Application">
<arg>${remoteUrl}</arg>
<arg>platformName=${platformName}</arg>
<arg>platformVersion=${platformVersion}</arg>
<arg>deviceName=${deviceName}</arg>
<arg>appActivity=${appActivity}</arg>
<arg>appPackage=${appPackage}</arg>
<msg timestamp="20240531 04:44:06.172" level="FAIL">No keyword with name 'Open Application' found.</msg>
<status status="FAIL" starttime="20240531 04:44:06.172" endtime="20240531 04:44:06.172"/>
</kw>
<status status="FAIL" starttime="20240531 04:44:06.171" endtime="20240531 04:44:06.172"/>
</kw>
<test id="s1-t1" name="Positive - User login with valid credentials" line="14">
<tag>TC-001</tag>
<status status="FAIL" starttime="20240531 04:44:06.172" endtime="20240531 04:44:06.172">Parent suite setup failed:
No keyword with name 'Open Application' found.</status>
</test>
<kw name="Close Application" type="TEARDOWN">
<msg timestamp="20240531 04:44:06.173" level="FAIL">No keyword with name 'Close Application' found.</msg>
<status status="FAIL" starttime="20240531 04:44:06.173" endtime="20240531 04:44:06.173">No keyword with name 'Close Application' found.</status>
</kw>
<status status="FAIL" starttime="20240531 04:44:06.155" endtime="20240531 04:44:06.173">Suite setup failed:
No keyword with name 'Open Application' found.

Also suite teardown failed:
No keyword with name 'Close Application' found.</status>
</suite>
<statistics>
<total>
<stat pass="0" fail="1" skip="0">All Tests</stat>
</total>
<tag>
<stat pass="0" fail="1" skip="0">TC-001</stat>
</tag>
<suite>
<stat pass="0" fail="1" skip="0" id="s1" name="testFlightApps">testFlightApps</stat>
</suite>
</statistics>
<errors>
<msg timestamp="20240531 04:44:06.165" level="ERROR">Error in file '/Users/rossaafresiasiagian/Desktop/Sanber56-Mobile-Automation-Kelompok2/Suites/testFlightApps.robot' on line 2: Importing library 'AppiumLibrary' failed: ModuleNotFoundError: No module named 'AppiumLibrary'
Traceback (most recent call last):
  None
PYTHONPATH:
  /opt/homebrew/bin
  /opt/homebrew/Cellar/python@3.9/3.9.18/Frameworks/Python.framework/Versions/3.9/lib/python39.zip
  /opt/homebrew/Cellar/python@3.9/3.9.18/Frameworks/Python.framework/Versions/3.9/lib/python3.9
  /opt/homebrew/Cellar/python@3.9/3.9.18/Frameworks/Python.framework/Versions/3.9/lib/python3.9/lib-dynload
  /opt/homebrew/lib/python3.9/site-packages</msg>
<msg timestamp="20240531 04:44:06.167" level="ERROR">Error in file '/Users/rossaafresiasiagian/Desktop/Sanber56-Mobile-Automation-Kelompok2/pageObject/main.robot' on line 2: Importing library 'AppiumLibrary' failed: ModuleNotFoundError: No module named 'AppiumLibrary'
Traceback (most recent call last):
  None
PYTHONPATH:
  /opt/homebrew/bin
  /opt/homebrew/Cellar/python@3.9/3.9.18/Frameworks/Python.framework/Versions/3.9/lib/python39.zip
  /opt/homebrew/Cellar/python@3.9/3.9.18/Frameworks/Python.framework/Versions/3.9/lib/python3.9
  /opt/homebrew/Cellar/python@3.9/3.9.18/Frameworks/Python.framework/Versions/3.9/lib/python3.9/lib-dynload
  /opt/homebrew/lib/python3.9/site-packages</msg>
<msg timestamp="20240531 04:44:06.168" level="ERROR">Error in file '/Users/rossaafresiasiagian/Desktop/Sanber56-Mobile-Automation-Kelompok2/pageObject/home-page/homepage.robot' on line 3: Processing variable file '/Users/rossaafresiasiagian/Desktop/Sanber56-Mobile-Automation-Kelompok2/pageObject/home-page/homepage.yaml' failed: Using YAML variable files requires PyYAML module to be installed. Typically you can install it by running `pip install pyyaml`.</msg>
<msg timestamp="20240531 04:44:06.169" level="ERROR">Error in file '/Users/rossaafresiasiagian/Desktop/Sanber56-Mobile-Automation-Kelompok2/pageObject/login-page/login.robot' on line 3: Processing variable file '/Users/rossaafresiasiagian/Desktop/Sanber56-Mobile-Automation-Kelompok2/pageObject/login-page/loginpage.yaml' failed: Using YAML variable files requires PyYAML module to be installed. Typically you can install it by running `pip install pyyaml`.</msg>
</errors>
</robot>
